<?xml version="1.0" encoding="UTF-8"?>
<!-- Generated by org.testng.reporters.JUnitXMLReporter -->
<testsuite ignored="2" hostname="INFINITY-LENOVO" failures="0" tests="2" name="Default test" time="24.854" errors="0" timestamp="28 Dec 2023 10:20:34 GMT">
  <testcase classname="TestCases.LoginTestCases" name="TEST_CASE_ONE" time="21.972"/>
  <testcase classname="TestCases.LoginTestCases" name="TEST_CASE_TWO" time="2.869"/>
  <testcase classname="TestCases.BaseTest" name="@AfterSuite destroyDriver" time="0.0">
    <ignored/>
  </testcase> <!-- @AfterSuite destroyDriver -->
  <testcase classname="TestCases.BaseTest" name="@BeforeSuite setUp" time="0.0">
    <ignored/>
  </testcase> <!-- @BeforeSuite setUp -->
</testsuite> <!-- Default test -->
