<?xml version="1.0" encoding="UTF-8"?>
<testng-results ignored="2" total="4" passed="2" failed="0" skipped="0">
  <reporter-output>
  </reporter-output>
  <suite started-at="2023-12-28T10:20:09Z" name="Default suite" finished-at="2023-12-28T10:20:34Z" duration-ms="24854">
    <groups>
    </groups>
    <test started-at="2023-12-28T10:20:09Z" name="Default test" finished-at="2023-12-28T10:20:34Z" duration-ms="24854">
      <class name="TestCases.LoginTestCases">
        <test-method is-config="true" signature="setUp()[pri:0, instance:TestCases.LoginTestCases@15713d56]" started-at="2023-12-28T15:49:52Z" name="setUp" finished-at="2023-12-28T15:50:09Z" duration-ms="17646" status="PASS">
          <reporter-output>
          </reporter-output>
        </test-method> <!-- setUp -->
        <test-method signature="TEST_CASE_ONE()[pri:0, instance:TestCases.LoginTestCases@15713d56]" started-at="2023-12-28T15:50:09Z" name="TEST_CASE_ONE" finished-at="2023-12-28T15:50:31Z" duration-ms="21972" status="PASS">
          <reporter-output>
          </reporter-output>
        </test-method> <!-- TEST_CASE_ONE -->
        <test-method signature="TEST_CASE_TWO()[pri:0, instance:TestCases.LoginTestCases@15713d56]" started-at="2023-12-28T15:50:31Z" name="TEST_CASE_TWO" finished-at="2023-12-28T15:50:34Z" duration-ms="2869" status="PASS">
          <reporter-output>
          </reporter-output>
        </test-method> <!-- TEST_CASE_TWO -->
        <test-method is-config="true" signature="destroyDriver()[pri:0, instance:TestCases.LoginTestCases@15713d56]" started-at="2023-12-28T15:50:35Z" name="destroyDriver" finished-at="2023-12-28T15:50:36Z" duration-ms="1443" status="PASS">
          <reporter-output>
          </reporter-output>
        </test-method> <!-- destroyDriver -->
      </class> <!-- TestCases.LoginTestCases -->
    </test> <!-- Default test -->
  </suite> <!-- Default suite -->
</testng-results>
